[0111月2025 09:18:05.536] [Datafixer Bootstrap/INFO] [com.mojang.datafixers.DataFixerBuilder/]: 237 Datafixer optimizations took 283 milliseconds
[0111月2025 09:18:11.104] [Render thread/INFO] [com.mojang.authlib.yggdrasil.YggdrasilAuthenticationService/]: Environment: Environment[sessionHost=https://sessionserver.mojang.com, servicesHost=https://api.minecraftservices.com, name=PROD]
[0111月2025 09:18:11.120] [Render thread/INFO] [net.minecraft.client.Minecraft/]: Setting user: Player790
[0111月2025 09:18:11.258] [Render thread/INFO] [net.minecraft.client.Minecraft/]: Backend library: LWJGL version 3.3.3+5
[0111月2025 09:18:12.186] [Render thread/INFO] [net.minecraft.server.packs.resources.ReloadableResourceManager/]: Reloading ResourceManager: vanilla
[0111月2025 09:18:12.363] [Worker-Main-14/INFO] [net.minecraft.client.gui.font.providers.UnihexProvider/]: Found unifont_all_no_pua-15.1.05.hex, loading
[0111月2025 09:18:12.536] [Worker-Main-2/INFO] [net.minecraft.client.gui.font.providers.UnihexProvider/]: Found unifont_jp_patch-15.1.05.hex, loading
[0111月2025 09:18:13.408] [Render thread/WARN] [net.minecraft.client.sounds.SoundEngine/]: Missing sound for event: minecraft:block.spawner.fall
[0111月2025 09:18:13.469] [Render thread/INFO] [com.mojang.blaze3d.audio.Library/]: OpenAL initialized on device OpenAL Soft on スピーカー (Senary Audio)
[0111月2025 09:18:13.473] [Render thread/INFO] [net.minecraft.client.sounds.SoundEngine/SOUNDS]: Sound engine started
[0111月2025 09:18:13.563] [Render thread/INFO] [net.minecraft.client.renderer.texture.TextureAtlas/]: Created: 1024x512x4 minecraft:textures/atlas/blocks.png-atlas
[0111月2025 09:18:13.572] [Render thread/INFO] [net.minecraft.client.renderer.texture.TextureAtlas/]: Created: 256x256x4 minecraft:textures/atlas/signs.png-atlas
[0111月2025 09:18:13.573] [Render thread/INFO] [net.minecraft.client.renderer.texture.TextureAtlas/]: Created: 512x512x4 minecraft:textures/atlas/banner_patterns.png-atlas
[0111月2025 09:18:13.573] [Render thread/INFO] [net.minecraft.client.renderer.texture.TextureAtlas/]: Created: 512x512x4 minecraft:textures/atlas/shield_patterns.png-atlas
[0111月2025 09:18:13.573] [Render thread/INFO] [net.minecraft.client.renderer.texture.TextureAtlas/]: Created: 1024x1024x4 minecraft:textures/atlas/armor_trims.png-atlas
[0111月2025 09:18:13.575] [Render thread/INFO] [net.minecraft.client.renderer.texture.TextureAtlas/]: Created: 256x256x4 minecraft:textures/atlas/chest.png-atlas
[0111月2025 09:18:13.575] [Render thread/INFO] [net.minecraft.client.renderer.texture.TextureAtlas/]: Created: 128x64x4 minecraft:textures/atlas/decorated_pot.png-atlas
[0111月2025 09:18:13.576] [Render thread/INFO] [net.minecraft.client.renderer.texture.TextureAtlas/]: Created: 512x256x4 minecraft:textures/atlas/beds.png-atlas
[0111月2025 09:18:13.576] [Render thread/INFO] [net.minecraft.client.renderer.texture.TextureAtlas/]: Created: 512x256x4 minecraft:textures/atlas/shulker_boxes.png-atlas
[0111月2025 09:18:13.690] [Render thread/INFO] [net.minecraft.client.renderer.texture.TextureAtlas/]: Created: 64x64x0 minecraft:textures/atlas/map_decorations.png-atlas
[0111月2025 09:18:13.797] [Render thread/INFO] [net.minecraft.client.renderer.texture.TextureAtlas/]: Created: 512x256x0 minecraft:textures/atlas/particles.png-atlas
[0111月2025 09:18:13.797] [Render thread/INFO] [net.minecraft.client.renderer.texture.TextureAtlas/]: Created: 512x256x0 minecraft:textures/atlas/paintings.png-atlas
[0111月2025 09:18:13.798] [Render thread/INFO] [net.minecraft.client.renderer.texture.TextureAtlas/]: Created: 256x128x0 minecraft:textures/atlas/mob_effects.png-atlas
[0111月2025 09:18:13.798] [Render thread/INFO] [net.minecraft.client.renderer.texture.TextureAtlas/]: Created: 1024x512x0 minecraft:textures/atlas/gui.png-atlas
[0111月2025 09:18:36.550] [Render thread/INFO] [net.minecraft.world.item.crafting.RecipeManager/]: Loaded 1337 recipes
[0111月2025 09:18:36.570] [Render thread/INFO] [net.minecraft.advancements.AdvancementTree/]: Loaded 1448 advancements
[0111月2025 09:18:36.707] [Server thread/INFO] [net.minecraft.client.server.IntegratedServer/]: Starting integrated minecraft server version 1.21.3
[0111月2025 09:18:36.707] [Server thread/INFO] [net.minecraft.server.MinecraftServer/]: Generating keypair
[0111月2025 09:18:37.063] [Server thread/INFO] [net.minecraft.server.MinecraftServer/]: Preparing start region for dimension minecraft:overworld
[0111月2025 09:18:37.720] [Render thread/INFO] [net.minecraft.server.level.progress.LoggerChunkProgressListener/]: スポーン地点を準備中：0%
[0111月2025 09:18:37.720] [Render thread/INFO] [net.minecraft.server.level.progress.LoggerChunkProgressListener/]: スポーン地点を準備中：0%
[0111月2025 09:18:37.812] [Render thread/INFO] [net.minecraft.server.level.progress.LoggerChunkProgressListener/]: Time elapsed: 714 ms
[0111月2025 09:18:37.906] [Server thread/INFO] [net.minecraft.client.server.IntegratedServer/]: Changing view distance to 12, from 10
[0111月2025 09:18:37.907] [Server thread/INFO] [net.minecraft.client.server.IntegratedServer/]: Changing simulation distance to 12, from 0
[0111月2025 09:18:38.712] [Server thread/INFO] [net.minecraft.server.players.PlayerList/]: Player790[local:E:4f57b2f2] logged in with entity id 42 at (-29.23350969995929, 80.25220334025373, -60.91639093670784)
[0111月2025 09:18:38.763] [Server thread/INFO] [net.minecraft.server.MinecraftServer/]: Player790がゲームに参加しました
[0111月2025 09:18:38.965] [Render thread/INFO] [net.minecraft.advancements.AdvancementTree/]: Loaded 2 advancements
[0111月2025 09:18:57.542] [Server thread/INFO] [net.minecraft.server.MinecraftServer/]: Player790は高い所から落ちた
[0111月2025 09:18:57.560] [Render thread/INFO] [net.minecraft.client.gui.components.ChatComponent/]: [System] [CHAT] Player790は高い所から落ちた
[0111月2025 09:19:17.690] [Server thread/INFO] [net.minecraft.server.MinecraftServer/]: Player790は高い所から落ちた
[0111月2025 09:19:17.706] [Render thread/INFO] [net.minecraft.client.gui.components.ChatComponent/]: [System] [CHAT] Player790は高い所から落ちた
[0111月2025 09:19:31.190] [Server thread/INFO] [net.minecraft.server.MinecraftServer/]: Player790は高い所から落ちた
[0111月2025 09:19:31.208] [Render thread/INFO] [net.minecraft.client.gui.components.ChatComponent/]: [System] [CHAT] Player790は高い所から落ちた
[0111月2025 09:19:49.212] [Server thread/INFO] [net.minecraft.client.server.IntegratedServer/]: Saving and pausing game...
[0111月2025 09:19:49.234] [Server thread/INFO] [net.minecraft.server.MinecraftServer/]: Saving chunks for level 'ServerLevel[New World]'/minecraft:overworld
[0111月2025 09:19:49.259] [Server thread/INFO] [net.minecraft.server.MinecraftServer/]: Saving chunks for level 'ServerLevel[New World]'/minecraft:the_nether
[0111月2025 09:19:49.260] [Server thread/INFO] [net.minecraft.server.MinecraftServer/]: Saving chunks for level 'ServerLevel[New World]'/minecraft:the_end
[0111月2025 09:20:30.216] [Server thread/INFO] [net.minecraft.server.MinecraftServer/]: Player790は高い所から落ちた
[0111月2025 09:20:30.228] [Render thread/INFO] [net.minecraft.client.gui.components.ChatComponent/]: [System] [CHAT] Player790は高い所から落ちた
[0111月2025 09:20:43.662] [Server thread/INFO] [net.minecraft.client.server.IntegratedServer/]: Saving and pausing game...
[0111月2025 09:20:43.671] [Server thread/INFO] [net.minecraft.server.MinecraftServer/]: Saving chunks for level 'ServerLevel[New World]'/minecraft:overworld
[0111月2025 09:20:43.682] [Server thread/INFO] [net.minecraft.server.MinecraftServer/]: Saving chunks for level 'ServerLevel[New World]'/minecraft:the_nether
[0111月2025 09:20:43.683] [Server thread/INFO] [net.minecraft.server.MinecraftServer/]: Saving chunks for level 'ServerLevel[New World]'/minecraft:the_end
[0111月2025 09:20:46.130] [Render thread/INFO] [net.minecraft.client.Minecraft/]: Stopping!
[0111月2025 09:20:46.166] [Server thread/INFO] [net.minecraft.server.network.ServerGamePacketListenerImpl/]: Player790 lost connection: 切断されました
[0111月2025 09:20:46.167] [Server thread/INFO] [net.minecraft.server.MinecraftServer/]: Player790がゲームを退出しました
[0111月2025 09:20:46.176] [Server thread/INFO] [net.minecraft.server.network.ServerCommonPacketListenerImpl/]: Stopping singleplayer server as player logged out
[0111月2025 09:20:46.213] [Server thread/INFO] [net.minecraft.server.MinecraftServer/]: Stopping server
[0111月2025 09:20:46.213] [Server thread/INFO] [net.minecraft.server.MinecraftServer/]: Saving players
[0111月2025 09:20:46.213] [Server thread/INFO] [net.minecraft.server.MinecraftServer/]: Saving worlds
[0111月2025 09:20:46.238] [Server thread/INFO] [net.minecraft.server.MinecraftServer/]: Saving chunks for level 'ServerLevel[New World]'/minecraft:overworld
[0111月2025 09:20:46.298] [Server thread/INFO] [net.minecraft.server.MinecraftServer/]: Saving chunks for level 'ServerLevel[New World]'/minecraft:the_nether
[0111月2025 09:20:46.299] [Server thread/INFO] [net.minecraft.server.MinecraftServer/]: Saving chunks for level 'ServerLevel[New World]'/minecraft:the_end
[0111月2025 09:20:46.304] [Server thread/INFO] [net.minecraft.server.MinecraftServer/]: ThreadedAnvilChunkStorage (New World): All chunks are saved
[0111月2025 09:20:46.304] [Server thread/INFO] [net.minecraft.server.MinecraftServer/]: ThreadedAnvilChunkStorage (DIM-1): All chunks are saved
[0111月2025 09:20:46.304] [Server thread/INFO] [net.minecraft.server.MinecraftServer/]: ThreadedAnvilChunkStorage (DIM1): All chunks are saved
[0111月2025 09:20:46.304] [Server thread/INFO] [net.minecraft.server.MinecraftServer/]: ThreadedAnvilChunkStorage: All dimensions are saved
